<?xml version="1.0" encoding="UTF-8"?>
<testng-results ignored="0" total="1" passed="1" failed="0" skipped="0">
  <reporter-output>
  </reporter-output>
  <suite started-at="2021-10-16T16:12:06 IST" name="Skills" finished-at="2021-10-16T16:12:15 IST" duration-ms="8573">
    <groups>
    </groups>
    <test started-at="2021-10-16T16:12:06 IST" name="Test" finished-at="2021-10-16T16:12:15 IST" duration-ms="8573">
      <class name="testCases.SimpleTest">
        <test-method is-config="true" signature="setUp(java.lang.String)[pri:0, instance:testCases.SimpleTest@49912c99]" started-at="2021-10-16T16:12:06 IST" name="setUp" finished-at="2021-10-16T16:12:14 IST" duration-ms="7782" status="PASS">
          <params>
            <param index="0">
              <value>
                <![CDATA[chrome]]>
              </value>
            </param>
          </params>
          <reporter-output>
          </reporter-output>
        </test-method> <!-- setUp -->
        <test-method signature="simpleTest()[pri:0, instance:testCases.SimpleTest@49912c99]" started-at="2021-10-16T16:12:14 IST" name="simpleTest" finished-at="2021-10-16T16:12:14 IST" duration-ms="2" status="PASS">
          <reporter-output>
          </reporter-output>
        </test-method> <!-- simpleTest -->
        <test-method is-config="true" signature="CaptureScreenshot(org.testng.ITestResult)[pri:0, instance:testCases.SimpleTest@49912c99]" started-at="2021-10-16T16:12:14 IST" name="CaptureScreenshot" finished-at="2021-10-16T16:12:14 IST" duration-ms="2" status="PASS">
          <params>
            <param index="0">
              <value>
                <![CDATA[[TestResult name=simpleTest status=SUCCESS method=SimpleTest.simpleTest()[pri:0, instance:testCases.SimpleTest@49912c99] output={null}]]]>
              </value>
            </param>
          </params>
          <reporter-output>
          </reporter-output>
        </test-method> <!-- CaptureScreenshot -->
        <test-method is-config="true" signature="tearDown()[pri:0, instance:testCases.SimpleTest@49912c99]" started-at="2021-10-16T16:12:14 IST" name="tearDown" finished-at="2021-10-16T16:12:15 IST" duration-ms="734" status="PASS">
          <reporter-output>
          </reporter-output>
        </test-method> <!-- tearDown -->
      </class> <!-- testCases.SimpleTest -->
    </test> <!-- Test -->
  </suite> <!-- Skills -->
</testng-results>
